Unity Player [version: Unity 5.2.2f1_3757309da7e7]

application.exe caused an Access Violation (0xc0000005)
  in module application.exe at 0023:0010afc2.

Error occurred at 2016-03-04_131306.
C:\Users\Eirikur\Dropbox\Skola\År 2\Project software engineering PJ3100-1\Färdig produkt version 1\Launcher\Games\Space Juice\application.exe, run by Eirikur.
48% memory in use.
0 MB physical memory [0 MB free].
0 MB paging file [0 MB free].
0 MB user address space [3945 MB free].
Read from location 00000010 caused an access violation.

Context:
EDI:    0x00000010  ESI: 0x02e6a1d0  EAX:   0x00000001
EBX:    0x00000000  ECX: 0x00000000  EDX:   0x0000c46e
EIP:    0x0010afc2  EBP: 0x0127fcf8  SegCs: 0x00000023
EFlags: 0x00210246  ESP: 0x0127fcf8  SegSs: 0x0000002b

Bytes at CS:EIP:
83 79 10 00 8b 45 08 a3 e4 ea f2 00 74 1a 8b 15 

Stack:
0x0127fcf8: 0127fe30 00347de6 00d2b8e4 006ef933 0.'..}4.....3.n.
0x0127fd08: 00000000 fe7f5000 03b9e3c0 000001ff .....P..........
0x0127fd18: 00000000 1c03c163 00000099 0000009f ....c...........
0x0127fd28: 00000006 03b9e480 02e42718 00e40578 .........'..x...
0x0127fd38: 7fffffff 0000009e 0000009f 02e42718 .............'..
0x0127fd48: 00e40578 0000000f 0000000f 7fffffff x...............
0x0127fd58: 00000000 00f005b0 02e41ac8 0000000f ................
0x0127fd68: 0127fd00 0127fd9c 0070a898 02e42718 ..'...'...p..'..
0x0127fd78: 00e40578 0000000f 03b9dd40 7fffffff x.......@.......
0x0127fd88: 00000000 00f005b0 0000009f 0000009f ................
0x0127fd98: 0127fd00 03b9db00 006fa087 02e42718 ..'.......o..'..
0x0127fda8: 00e40578 00000090 0000009f 756e6547 x...........Genu
0x0127fdb8: 616e614d 00646567 00000000 00000004 Managed.........
0x0127fdc8: 00000007 0000000f 0127fddc 02d34f90 ..........'..O..
0x0127fdd8: 02e5fa50 02e5fa88 02e5fa88 0127fe14 P.............'.
0x0127fde8: 6f6e6f4d 6e6f6d2f 6c642e6f 006f006c Mono/mono.dll.o.
0x0127fdf8: 0000000d 0000000f 0127fe20 00000000 ........ .'.....
0x0127fe08: 0127fe20 006ea177 015142d6 00000000  .'.w.n..BQ.....
0x0127fe18: 0000000f 00000000 00000000 02d34f90 .............O..
0x0127fe28: 00000000 02d34fd0 0127fe48 006c0968 .....O..H.'.h.l.
0x0127fe38: 000d0000 00000000 015142d8 00000001 .........BQ.....
0x0127fe48: 0127fed8 006ef8e0 000d0000 00000000 ..'...n.........
0x0127fe58: 015142d8 00000001 20f88e2b 006ef933 .BQ.....+.. 3.n.
0x0127fe68: 006ef933 fe7f5000 00000044 015123d2 3.n..P..D....#Q.
0x0127fe78: 015123b2 01512296 00000000 00000000 .#Q.."Q.........
0x0127fe88: 00000000 00000000 00000000 00000000 ................
0x0127fe98: 00000000 00000801 00000001 00000000 ................
0x0127fea8: 0127fed4 0127fed4 00700a2e c0000005 ..'...'...p.....
0x0127feb8: 006ef933 00000000 0127fe60 0127f724 3.n.....`.'.$.'.
0x0127fec8: 0127ff24 006f1660 2136983b 00000000 $.'.`.o.;.6!....
0x0127fed8: 0127feec 76e47c04 fe7f5000 76e47be0 ..'..|.v.P...{.v
0x0127fee8: 041ee2ae 0127ff34 773cab8f fe7f5000 ....4.'...<w.P..
0x0127fef8: 05aaf0ed 00000000 00000000 fe7f5000 .............P..
0x0127ff08: c0000005 74f0f580 00000000 0127f704 .......t......'.
0x0127ff18: 05aaf0ed 0127fef8 0127f704 0127ff3c ......'...'.<.'.
0x0127ff28: 77407380 73b1a479 00000000 0127ff44 .s@wy..s....D.'.
0x0127ff38: 773cab5a ffffffff 773affdb 00000000 Z.<w......:w....
0x0127ff48: 00000000 006ef933 fe7f5000 00000000 ....3.n..P......
0x0127ff58: 00000000 00000000 00000000 00000000 ................
0x0127ff68: 00000000 00000000 00000000 00000000 ................
0x0127ff78: 00000000 00000000 00000000 00000000 ................
0x0127ff88: 00000000 00000000 00000000 00000000 ................
0x0127ff98: 00000000 00000000 00000000 00000000 ................
0x0127ffa8: 00000000 00000000 00000000 00000000 ................
0x0127ffb8: 00000000 00000000 00000000 00000000 ................
0x0127ffc8: 00000000 00000000 00000000 00000000 ................
0x0127ffd8: 00000000 00000000 00000000 00000000 ................
0x0127ffe8: 00000000 00000000 00000000 00000000 ................
0x0127fff8: 00000000 00000000                   ........

Module 1
C:\Users\Eirikur\Dropbox\Skola\År 2\Project software engineering PJ3100-1\Färdig produkt version 1\Launcher\Games\Space Juice\application.exe
Image Base: 0x000d0000  Image Size: 0x0102e000
File Size:  16165376    File Time:  2015-10-20_123742
Version:
   Company:    
   Product:    
   FileDesc:   
   FileVer:    5.2.2.22320
   ProdVer:    5.2.2.22320

Module 2
C:\Users\Eirikur\Dropbox\Skola\År 2\Project software engineering PJ3100-1\Färdig produkt version 1\Launcher\Games\Space Juice\application_Data\Mono\mono.dll
Image Base: 0x10000000  Image Size: 0x00230000
File Size:  2110424     File Time:  2015-10-20_124202
Version:
   Company:    Unity Technologies
   Product:    libmono
   FileDesc:   Unity Technologies fork of mono runtime
   FileVer:    1.0.0.1
   ProdVer:    1.0.0.1

Module 3
C:\Windows\SYSTEM32\DDRAW.dll
Image Base: 0x50410000  Image Size: 0x000ec000
File Size:  544256      File Time:  2014-10-29_015248
Version:
   Company:    Microsoft Corporation
   Product:    Microsoft® Windows® Operating System
   FileDesc:   Microsoft DirectDraw
   FileVer:    6.3.9600.17415
   ProdVer:    6.3.9600.17415

Module 4
C:\Windows\SYSTEM32\dbghelp.dll
Image Base: 0x634f0000  Image Size: 0x00141000
File Size:  1207296     File Time:  2015-04-01_033102
Version:
   Company:    Microsoft Corporation
   Product:    Microsoft® Windows® Operating System
   FileDesc:   Windows Image Helper
   FileVer:    6.3.9600.17787
   ProdVer:    6.3.9600.17787

Module 5
C:\Windows\SYSTEM32\DCIMAN32.dll
Image Base: 0x649b0000  Image Size: 0x00007000
File Size:  11776       File Time:  2014-10-29_030002
Version:
   Company:    Microsoft Corporation
   Product:    Microsoft® Windows® Operating System
   FileDesc:   DCI Manager
   FileVer:    6.3.9600.17415
   ProdVer:    6.3.9600.17415

Module 6
C:\Windows\SYSTEM32\GLU32.dll
Image Base: 0x649c0000  Image Size: 0x00025000
File Size:  140288      File Time:  2014-10-29_025952
Version:
   Company:    Microsoft Corporation
   Product:    Microsoft® Windows® Operating System
   FileDesc:   OpenGL Utility Library DLL
   FileVer:    6.3.9600.17415
   ProdVer:    6.3.9600.17415

Module 7
C:\Windows\SYSTEM32\MSACM32.dll
Image Base: 0x67270000  Image Size: 0x00017000
File Size:  89816       File Time:  2014-10-29_040702
Version:
   Company:    Microsoft Corporation
   Product:    Microsoft® Windows® Operating System
   FileDesc:   Microsoft ACM Audio Filter
   FileVer:    6.3.9600.17415
   ProdVer:    6.3.9600.17415

Module 8
C:\Windows\SYSTEM32\OPENGL32.dll
Image Base: 0x682e0000  Image Size: 0x000de000
File Size:  777728      File Time:  2014-10-29_025752
Version:
   Company:    Microsoft Corporation
   Product:    Microsoft® Windows® Operating System
   FileDesc:   OpenGL Client DLL
   FileVer:    6.3.9600.17415
   ProdVer:    6.3.9600.17415

Module 9
C:\Windows\SYSTEM32\HID.DLL
Image Base: 0x70030000  Image Size: 0x0000a000
File Size:  26624       File Time:  2014-10-29_020540
Version:
   Company:    Microsoft Corporation
   Product:    Microsoft® Windows® Operating System
   FileDesc:   Hid User Library
   FileVer:    6.3.9600.17415
   ProdVer:    6.3.9600.17415

Module 10
C:\Windows\SYSTEM32\ntmarta.dll
Image Base: 0x70260000  Image Size: 0x00028000
File Size:  154392      File Time:  2014-10-29_041538
Version:
   Company:    Microsoft Corporation
   Product:    Microsoft® Windows® Operating System
   FileDesc:   Windows NT MARTA provider
   FileVer:    6.3.9600.17415
   ProdVer:    6.3.9600.17415

Module 11
C:\Windows\system32\uxtheme.dll
Image Base: 0x71b20000  Image Size: 0x000ed000
File Size:  949760      File Time:  2014-10-29_014830
Version:
   Company:    Microsoft Corporation
   Product:    Microsoft® Windows® Operating System
   FileDesc:   Microsoft UxTheme Library
   FileVer:    6.3.9600.17415
   ProdVer:    6.3.9600.17415

Module 12
C:\Windows\SYSTEM32\WINMMBASE.dll
Image Base: 0x71c10000  Image Size: 0x00023000
File Size:  134280      File Time:  2014-10-29_040702
Version:
   Company:    Microsoft Corporation
   Product:    Microsoft® Windows® Operating System
   FileDesc:   Base Multimedia Extension API DLL
   FileVer:    6.3.9600.17415
   ProdVer:    6.3.9600.17415

Module 13
C:\Windows\SYSTEM32\WINMM.dll
Image Base: 0x71c40000  Image Size: 0x00023000
File Size:  136840      File Time:  2014-10-29_040702
Version:
   Company:    Microsoft Corporation
   Product:    Microsoft® Windows® Operating System
   FileDesc:   MCI API DLL
   FileVer:    6.3.9600.17415
   ProdVer:    6.3.9600.17415

Module 14
C:\Windows\SYSTEM32\DEVOBJ.dll
Image Base: 0x72170000  Image Size: 0x00021000
File Size:  127552      File Time:  2014-10-29_041842
Version:
   Company:    Microsoft Corporation
   Product:    Microsoft® Windows® Operating System
   FileDesc:   Device Information Set DLL
   FileVer:    6.3.9600.17415
   ProdVer:    6.3.9600.17415

Module 15
C:\Windows\SYSTEM32\MSWSOCK.dll
Image Base: 0x72eb0000  Image Size: 0x0004b000
File Size:  286208      File Time:  2014-10-29_020618
Version:
   Company:    Microsoft Corporation
   Product:    Microsoft® Windows® Operating System
   FileDesc:   Microsoft Windows Sockets 2.0 Service Provider
   FileVer:    6.3.9600.17415
   ProdVer:    6.3.9600.17415

Module 16
C:\Windows\SYSTEM32\kernel.appcore.dll
Image Base: 0x73060000  Image Size: 0x00009000
File Size:  29920       File Time:  2014-10-29_041848
Version:
   Company:    Microsoft Corporation
   Product:    Microsoft® Windows® Operating System
   FileDesc:   AppModel API Host
   FileVer:    6.3.9600.17415
   ProdVer:    6.3.9600.17415

Module 17
C:\Windows\SYSTEM32\shcore.dll
Image Base: 0x73f30000  Image Size: 0x0008b000
File Size:  560392      File Time:  2015-01-23_060234
Version:
   Company:    Microsoft Corporation
   Product:    Microsoft® Windows® Operating System
   FileDesc:   SHCORE
   FileVer:    6.3.9600.17666
   ProdVer:    6.3.9600.17666

Module 18
C:\Windows\SYSTEM32\WINNSI.DLL
Image Base: 0x74000000  Image Size: 0x00008000
File Size:  26304       File Time:  2014-10-29_040516
Version:
   Company:    Microsoft Corporation
   Product:    Microsoft® Windows® Operating System
   FileDesc:   Network Store Information RPC interface
   FileVer:    6.3.9600.17415
   ProdVer:    6.3.9600.17415

Module 19
C:\Windows\SYSTEM32\IPHLPAPI.DLL
Image Base: 0x74310000  Image Size: 0x00020000
File Size:  120864      File Time:  2014-10-29_040516
Version:
   Company:    Microsoft Corporation
   Product:    Microsoft® Windows® Operating System
   FileDesc:   IP Helper API
   FileVer:    6.3.9600.17415
   ProdVer:    6.3.9600.17415

Module 20
C:\Windows\SYSTEM32\DNSAPI.dll
Image Base: 0x74330000  Image Size: 0x0007e000
File Size:  498688      File Time:  2014-11-05_022044
Version:
   Company:    Microsoft Corporation
   Product:    Microsoft® Windows® Operating System
   FileDesc:   DNS Client API DLL
   FileVer:    6.3.9600.17481
   ProdVer:    6.3.9600.17481

Module 21
C:\Windows\SYSTEM32\WINHTTP.dll
Image Base: 0x743b0000  Image Size: 0x0009f000
File Size:  631808      File Time:  2014-10-29_015622
Version:
   Company:    Microsoft Corporation
   Product:    Microsoft® Windows® Operating System
   FileDesc:   Windows HTTP Services
   FileVer:    6.3.9600.17415
   ProdVer:    6.3.9600.17415

Module 22
C:\Windows\SYSTEM32\VERSION.dll
Image Base: 0x74660000  Image Size: 0x00008000
File Size:  26304       File Time:  2014-10-29_041056
Version:
   Company:    Microsoft Corporation
   Product:    Microsoft® Windows® Operating System
   FileDesc:   Version Checking and File Installation Libraries
   FileVer:    6.3.9600.17415
   ProdVer:    6.3.9600.17415

Module 23
C:\Windows\SYSTEM32\bcryptPrimitives.dll
Image Base: 0x74af0000  Image Size: 0x00054000
File Size:  340872      File Time:  2015-12-03_195210
Version:
   Company:    Microsoft Corporation
   Product:    Microsoft® Windows® Operating System
   FileDesc:   Windows Cryptographic Primitives Library
   FileVer:    6.3.9600.18154
   ProdVer:    6.3.9600.18154

Module 24
C:\Windows\SYSTEM32\CRYPTBASE.dll
Image Base: 0x74b50000  Image Size: 0x0000a000
File Size:  30984       File Time:  2014-10-29_040516
Version:
   Company:    Microsoft Corporation
   Product:    Microsoft® Windows® Operating System
   FileDesc:   Base cryptographic API DLL
   FileVer:    6.3.9600.17415
   ProdVer:    6.3.9600.17415

Module 25
C:\Windows\SYSTEM32\SspiCli.dll
Image Base: 0x74b60000  Image Size: 0x0001e000
File Size:  104960      File Time:  2014-10-29_020606
Version:
   Company:    Microsoft Corporation
   Product:    Microsoft® Windows® Operating System
   FileDesc:   Security Support Provider Interface
   FileVer:    6.3.9600.17415
   ProdVer:    6.3.9600.17415

Module 26
C:\Windows\SYSTEM32\ADVAPI32.dll
Image Base: 0x74dd0000  Image Size: 0x0007c000
File Size:  507176      File Time:  2015-12-08_200750
Version:
   Company:    Microsoft Corporation
   Product:    Microsoft® Windows® Operating System
   FileDesc:   Advanced Windows 32 Base API
   FileVer:    6.3.9600.18155
   ProdVer:    6.3.9600.18155

Module 27
C:\Windows\SYSTEM32\KERNELBASE.dll
Image Base: 0x74e50000  Image Size: 0x000d7000
File Size:  862720      File Time:  2016-01-19_183040
Version:
   Company:    Microsoft Corporation
   Product:    Microsoft® Windows® Operating System
   FileDesc:   Windows NT BASE API Client DLL
   FileVer:    6.3.9600.18202
   ProdVer:    6.3.9600.18202

Module 28
C:\Windows\SYSTEM32\PSAPI.DLL
Image Base: 0x74f30000  Image Size: 0x00006000
File Size:  16504       File Time:  2014-10-29_041844
Version:
   Company:    Microsoft Corporation
   Product:    Microsoft® Windows® Operating System
   FileDesc:   Process Status Helper
   FileVer:    6.3.9600.17415
   ProdVer:    6.3.9600.17415

Module 29
C:\Windows\SYSTEM32\OLEAUT32.dll
Image Base: 0x74fd0000  Image Size: 0x00095000
File Size:  602776      File Time:  2014-12-19_092530
Version:
   Company:    Microsoft Corporation
   Product:    
   FileDesc:   
   FileVer:    6.3.9600.17560
   ProdVer:    6.3.9600.17560

Module 30
C:\Windows\SYSTEM32\RPCRT4.dll
Image Base: 0x75070000  Image Size: 0x000ba000
File Size:  747520      File Time:  2015-06-27_174236
Version:
   Company:    Microsoft Corporation
   Product:    Microsoft® Windows® Operating System
   FileDesc:   Remote Procedure Call Runtime
   FileVer:    6.3.9600.17919
   ProdVer:    6.3.9600.17919

Module 31
C:\Windows\SYSTEM32\NSI.dll
Image Base: 0x751c0000  Image Size: 0x00007000
File Size:  20120       File Time:  2014-10-29_040516
Version:
   Company:    Microsoft Corporation
   Product:    Microsoft® Windows® Operating System
   FileDesc:   NSI User-mode interface DLL
   FileVer:    6.3.9600.17415
   ProdVer:    6.3.9600.17415

Module 32
C:\Windows\SYSTEM32\combase.dll
Image Base: 0x751d0000  Image Size: 0x0017d000
File Size:  1564496     File Time:  2016-01-19_192400
Version:
   Company:    Microsoft Corporation
   Product:    Microsoft® Windows® Operating System
   FileDesc:   Microsoft COM for Windows
   FileVer:    6.3.9600.18202
   ProdVer:    6.3.9600.18202

Module 33
C:\Windows\SYSTEM32\cfgmgr32.dll
Image Base: 0x75370000  Image Size: 0x0003c000
File Size:  241168      File Time:  2014-10-29_041848
Version:
   Company:    Microsoft Corporation
   Product:    Microsoft® Windows® Operating System
   FileDesc:   Configuration Manager DLL
   FileVer:    6.3.9600.17415
   ProdVer:    6.3.9600.17415

Module 34
C:\Windows\SYSTEM32\IMM32.dll
Image Base: 0x753b0000  Image Size: 0x00027000
File Size:  141312      File Time:  2014-10-29_025950
Version:
   Company:    Microsoft Corporation
   Product:    Microsoft® Windows® Operating System
   FileDesc:   Multi-User Windows IMM32 API Client DLL
   FileVer:    6.3.9600.17415
   ProdVer:    6.3.9600.17415

Module 35
C:\Windows\SYSTEM32\msvcrt.dll
Image Base: 0x753e0000  Image Size: 0x000c3000
File Size:  800008      File Time:  2014-10-29_040630
Version:
   Company:    Microsoft Corporation
   Product:    Microsoft® Windows® Operating System
   FileDesc:   Windows NT CRT DLL
   FileVer:    7.0.9600.17415
   ProdVer:    6.1.8638.17415

Module 36
C:\Windows\SYSTEM32\MSCTF.dll
Image Base: 0x754b0000  Image Size: 0x00112000
File Size:  1124384     File Time:  2015-10-03_204148
Version:
   Company:    Microsoft Corporation
   Product:    Microsoft® Windows® Operating System
   FileDesc:   MSCTF Server DLL
   FileVer:    6.3.9600.18081
   ProdVer:    6.3.9600.18081

Module 37
C:\Windows\SYSTEM32\WS2_32.dll
Image Base: 0x755d0000  Image Size: 0x00050000
File Size:  321248      File Time:  2014-10-29_040516
Version:
   Company:    Microsoft Corporation
   Product:    Microsoft® Windows® Operating System
   FileDesc:   Windows Socket 2.0 32-Bit DLL
   FileVer:    6.3.9600.17415
   ProdVer:    6.3.9600.17415

Module 38
C:\Windows\SYSTEM32\GDI32.dll
Image Base: 0x75620000  Image Size: 0x0010f000
File Size:  1097216     File Time:  2015-12-04_160038
Version:
   Company:    Microsoft Corporation
   Product:    Microsoft® Windows® Operating System
   FileDesc:   GDI Client DLL
   FileVer:    6.3.9600.18155
   ProdVer:    6.3.9600.18155

Module 39
C:\Windows\SYSTEM32\ole32.dll
Image Base: 0x758c0000  Image Size: 0x00129000
File Size:  1212248     File Time:  2015-06-16_063646
Version:
   Company:    Microsoft Corporation
   Product:    Microsoft® Windows® Operating System
   FileDesc:   Microsoft OLE for Windows
   FileVer:    6.3.9600.17905
   ProdVer:    6.3.9600.17905

Module 40
C:\Windows\SYSTEM32\SHELL32.dll
Image Base: 0x759f0000  Image Size: 0x012bc000
File Size:  19794896    File Time:  2016-01-22_081112
Version:
   Company:    Microsoft Corporation
   Product:    Microsoft® Windows® Operating System
   FileDesc:   Windows Shell Common Dll
   FileVer:    6.3.9600.18205
   ProdVer:    6.3.9600.18205

Module 41
C:\Windows\SYSTEM32\SHLWAPI.dll
Image Base: 0x76cb0000  Image Size: 0x00045000
File Size:  278352      File Time:  2014-10-29_041056
Version:
   Company:    Microsoft Corporation
   Product:    Microsoft® Windows® Operating System
   FileDesc:   Shell Light-weight Utility Library
   FileVer:    6.3.9600.17415
   ProdVer:    6.3.9600.17415

Module 42
C:\Windows\SYSTEM32\sechost.dll
Image Base: 0x76d00000  Image Size: 0x00041000
File Size:  257216      File Time:  2015-03-23_224506
Version:
   Company:    Microsoft Corporation
   Product:    Microsoft® Windows® Operating System
   FileDesc:   Host for SCM/SDDL/LSA Lookup APIs
   FileVer:    6.3.9600.17734
   ProdVer:    6.3.9600.17734

Module 43
C:\Windows\SYSTEM32\KERNEL32.DLL
Image Base: 0x76e30000  Image Size: 0x00140000
File Size:  1040384     File Time:  2014-10-29_025824
Version:
   Company:    Microsoft Corporation
   Product:    Microsoft® Windows® Operating System
   FileDesc:   Windows NT BASE API Client DLL
   FileVer:    6.3.9600.17415
   ProdVer:    6.3.9600.17415

Module 44
C:\Windows\SYSTEM32\USER32.dll
Image Base: 0x77140000  Image Size: 0x00153000
File Size:  1376256     File Time:  2015-11-08_214822
Version:
   Company:    Microsoft Corporation
   Product:    Microsoft® Windows® Operating System
   FileDesc:   Multi-User Windows USER API Client DLL
   FileVer:    6.3.9600.18123
   ProdVer:    6.3.9600.18123

Module 45
C:\Windows\SYSTEM32\ntdll.dll
Image Base: 0x77370000  Image Size: 0x0016f000
File Size:  1501496     File Time:  2016-01-19_192334
Version:
   Company:    Microsoft Corporation
   Product:    Microsoft® Windows® Operating System
   FileDesc:   NT Layer DLL
   FileVer:    6.3.9600.18202
   ProdVer:    6.3.9600.18202


== [end of error.log] ==
